<?xml version="1.0" encoding="UTF-8"?>
<!-- Generated by org.testng.reporters.JUnitReportReporter -->
<testsuite hostname="LAPTOP-02L90OR2" failures="0" tests="2" name="com.MultiLanguageLocale.mytests.HomePageTest" time="0.472" errors="0" timestamp="2021-08-07T19:06:14 IST" skipped="0">
  <testcase classname="com.MultiLanguageLocale.mytests.HomePageTest" name="contactFooterTest" time="0.315"/>
  <system-out/>
  <testcase classname="com.MultiLanguageLocale.mytests.HomePageTest" name="headerTest" time="0.157"/>
  <system-out/>
</testsuite> <!-- com.MultiLanguageLocale.mytests.HomePageTest -->
